SonarQube plugins:
  - SonarPython 1.14.1.3143 (python)
  - SonarCSS 1.1.1.1010 (cssfamily)
  - GitHub Authentication for SonarQube 1.5.0.870 (authgithub)
  - JaCoCo 1.0.2.475 (jacoco)
  - SonarGo 1.1.1.2000 (go)
  - SonarKotlin 1.5.0.315 (kotlin)
  - Svn 1.9.0.1295 (scmsvn)
  - SonarJS 5.2.1.7778 (javascript)
  - SonarRuby 1.5.0.315 (ruby)
  - SonarScala 1.5.0.315 (sonarscala)
  - SonarC# 7.15.0.8572 (csharp)
  - SonarJava 5.13.1.18282 (java)
  - LDAP 2.2.0.608 (ldap)
  - SonarHTML 3.1.0.1615 (web)
  - Git 1.8.0.1574 (scmgit)
  - SonarFlex 2.5.1.1831 (flex)
  - SonarXML 2.0.1.2020 (xml)
  - SAML 2.0 Authentication for SonarQube 1.1.0.181 (authsaml)
  - SonarPHP 3.2.0.4868 (php)
  - SonarTS 1.9.0.3766 (typescript)
  - SonarVB 7.15.0.8572 (vbnet)
Global server settings:
  - sonar.core.id=BF41A1F2-AW3P1VJcFM_5Uf9Fztep
  - sonar.core.startTime=2020-01-10T19:56:02+0000
Project server settings:
Project scanner properties:
  - sonar.binaries=C:\Users\CésarAugustodaCostaB\Projects\EESTrading\refactoring - working\target\classes
  - sonar.groovy.binaries=C:\Users\CésarAugustodaCostaB\Projects\EESTrading\refactoring - working\target\classes
  - sonar.host.url=http://localhost:9000
  - sonar.java.binaries=C:\Users\CésarAugustodaCostaB\Projects\EESTrading\refactoring - working\target\classes
  - sonar.java.libraries=C:\Users\CésarAugustodaCostaB\.m2\repository\com\yahoofinance-api\YahooFinanceAPI\3.12.2\YahooFinanceAPI-3.12.2.jar,C:\Users\CésarAugustodaCostaB\.m2\repository\com\fasterxml\jackson\core\jackson-databind\2.9.0\jackson-databind-2.9.0.jar,C:\Users\CésarAugustodaCostaB\.m2\repository\com\fasterxml\jackson\core\jackson-annotations\2.9.0\jackson-annotations-2.9.0.jar,C:\Users\CésarAugustodaCostaB\.m2\repository\com\fasterxml\jackson\core\jackson-core\2.9.0\jackson-core-2.9.0.jar,C:\Users\CésarAugustodaCostaB\.m2\repository\ant\ant-apache-log4j\1.6.5\ant-apache-log4j-1.6.5.jar,C:\Users\CésarAugustodaCostaB\.m2\repository\org\slf4j\slf4j-api\1.7.5\slf4j-api-1.7.5.jar,C:\Users\CésarAugustodaCostaB\.m2\repository\org\slf4j\slf4j-simple\1.6.4\slf4j-simple-1.6.4.jar,C:\Users\CésarAugustodaCostaB\.m2\repository\org\xerial\sqlite-jdbc\3.15.1\sqlite-jdbc-3.15.1.jar
  - sonar.java.source=1.8
  - sonar.java.target=1.8
  - sonar.java.test.libraries=C:\Users\CésarAugustodaCostaB\Projects\EESTrading\refactoring - working\target\classes,C:\Users\CésarAugustodaCostaB\.m2\repository\com\yahoofinance-api\YahooFinanceAPI\3.12.2\YahooFinanceAPI-3.12.2.jar,C:\Users\CésarAugustodaCostaB\.m2\repository\com\fasterxml\jackson\core\jackson-databind\2.9.0\jackson-databind-2.9.0.jar,C:\Users\CésarAugustodaCostaB\.m2\repository\com\fasterxml\jackson\core\jackson-annotations\2.9.0\jackson-annotations-2.9.0.jar,C:\Users\CésarAugustodaCostaB\.m2\repository\com\fasterxml\jackson\core\jackson-core\2.9.0\jackson-core-2.9.0.jar,C:\Users\CésarAugustodaCostaB\.m2\repository\ant\ant-apache-log4j\1.6.5\ant-apache-log4j-1.6.5.jar,C:\Users\CésarAugustodaCostaB\.m2\repository\org\slf4j\slf4j-api\1.7.5\slf4j-api-1.7.5.jar,C:\Users\CésarAugustodaCostaB\.m2\repository\org\slf4j\slf4j-simple\1.6.4\slf4j-simple-1.6.4.jar,C:\Users\CésarAugustodaCostaB\.m2\repository\org\xerial\sqlite-jdbc\3.15.1\sqlite-jdbc-3.15.1.jar
  - sonar.libraries=C:\Users\CésarAugustodaCostaB\.m2\repository\com\yahoofinance-api\YahooFinanceAPI\3.12.2\YahooFinanceAPI-3.12.2.jar,C:\Users\CésarAugustodaCostaB\.m2\repository\com\fasterxml\jackson\core\jackson-databind\2.9.0\jackson-databind-2.9.0.jar,C:\Users\CésarAugustodaCostaB\.m2\repository\com\fasterxml\jackson\core\jackson-annotations\2.9.0\jackson-annotations-2.9.0.jar,C:\Users\CésarAugustodaCostaB\.m2\repository\com\fasterxml\jackson\core\jackson-core\2.9.0\jackson-core-2.9.0.jar,C:\Users\CésarAugustodaCostaB\.m2\repository\ant\ant-apache-log4j\1.6.5\ant-apache-log4j-1.6.5.jar,C:\Users\CésarAugustodaCostaB\.m2\repository\org\slf4j\slf4j-api\1.7.5\slf4j-api-1.7.5.jar,C:\Users\CésarAugustodaCostaB\.m2\repository\org\slf4j\slf4j-simple\1.6.4\slf4j-simple-1.6.4.jar,C:\Users\CésarAugustodaCostaB\.m2\repository\org\xerial\sqlite-jdbc\3.15.1\sqlite-jdbc-3.15.1.jar
  - sonar.links.ci=
  - sonar.links.homepage=
  - sonar.links.issue=
  - sonar.links.scm=
  - sonar.links.scm_dev=
  - sonar.moduleKey=com.myapp:ESSTrading
  - sonar.projectBaseDir=C:\Users\CésarAugustodaCostaB\Projects\EESTrading\refactoring - working
  - sonar.projectBuildDir=C:\Users\CésarAugustodaCostaB\Projects\EESTrading\refactoring - working\target
  - sonar.projectKey=com.myapp:ESSTrading
  - sonar.projectName=ESSTrading
  - sonar.projectVersion=1.0-SNAPSHOT
  - sonar.scanner.app=ScannerMaven
  - sonar.scanner.appVersion=3.7.0.1746/3.6.2
  - sonar.sourceEncoding=windows-1252
  - sonar.sources=C:\Users\CésarAugustodaCostaB\Projects\EESTrading\refactoring - working\pom.xml,C:\Users\CésarAugustodaCostaB\Projects\EESTrading\refactoring - working\src
  - sonar.working.directory=C:\Users\CésarAugustodaCostaB\Projects\EESTrading\refactoring - working\target\sonar
